# JRE version: Java(TM) SE Runtime Environment (8.0_271-b09) (build 1.8.0_271-b09)
# Java VM: Java HotSpot(TM) 64-Bit Server VM (25.271-b09 mixed mode windows-amd64 compressed oops)
Heap:
 PSYoungGen      total 325120K, used 41592K [0x000000076c380000, 0x0000000789480000, 0x00000007c0000000)
  eden space 304640K, 13% used [0x000000076c380000,0x000000076ec1e0e0,0x000000077ed00000)
  from space 20480K, 0% used [0x000000077ed00000,0x000000077ed00000,0x0000000780100000)
  to   space 19968K, 0% used [0x0000000788100000,0x0000000788100000,0x0000000789480000)
 ParOldGen       total 222720K, used 24652K [0x00000006c4a00000, 0x00000006d2380000, 0x000000076c380000)
  object space 222720K, 11% used [0x00000006c4a00000,0x00000006c62130c8,0x00000006d2380000)
 Metaspace       used 58528K, capacity 62118K, committed 62424K, reserved 1103872K
  class space    used 8226K, capacity 8819K, committed 8920K, reserved 1048576K
GC Heap History (10 events):
Event: 2.966 GC heap before
{Heap before GC invocations=6 (full 1):
 PSYoungGen      total 210432K, used 167715K [0x000000076c380000, 0x000000077d100000, 0x00000007c0000000)
  eden space 203264K, 79% used [0x000000076c380000,0x00000007760ae7a0,0x0000000778a00000)
  from space 7168K, 94% used [0x000000077ca00000,0x000000077d09a520,0x000000077d100000)
  to   space 10752K, 0% used [0x000000077bc00000,0x000000077bc00000,0x000000077c680000)
 ParOldGen       total 98816K, used 7519K [0x00000006c4a00000, 0x00000006caa80000, 0x000000076c380000)
  object space 98816K, 7% used [0x00000006c4a00000,0x00000006c5157c78,0x00000006caa80000)
 Metaspace       used 33259K, capacity 35376K, committed 35456K, reserved 1079296K
  class space    used 4516K, capacity 4923K, committed 4992K, reserved 1048576K
Event: 2.976 GC heap after
Heap after GC invocations=6 (full 1):
 PSYoungGen      total 265216K, used 10724K [0x000000076c380000, 0x0000000780f80000, 0x00000007c0000000)
  eden space 254464K, 0% used [0x000000076c380000,0x000000076c380000,0x000000077bc00000)
  from space 10752K, 99% used [0x000000077bc00000,0x000000077c679078,0x000000077c680000)
  to   space 14848K, 0% used [0x0000000780100000,0x0000000780100000,0x0000000780f80000)
 ParOldGen       total 98816K, used 13083K [0x00000006c4a00000, 0x00000006caa80000, 0x000000076c380000)
  object space 98816K, 13% used [0x00000006c4a00000,0x00000006c56c6ef8,0x00000006caa80000)
 Metaspace       used 33259K, capacity 35376K, committed 35456K, reserved 1079296K
  class space    used 4516K, capacity 4923K, committed 4992K, reserved 1048576K
}
Event: 2.976 GC heap before
{Heap before GC invocations=7 (full 2):
 PSYoungGen      total 265216K, used 10724K [0x000000076c380000, 0x0000000780f80000, 0x00000007c0000000)
  eden space 254464K, 0% used [0x000000076c380000,0x000000076c380000,0x000000077bc00000)
  from space 10752K, 99% used [0x000000077bc00000,0x000000077c679078,0x000000077c680000)
  to   space 14848K, 0% used [0x0000000780100000,0x0000000780100000,0x0000000780f80000)
 ParOldGen       total 98816K, used 13083K [0x00000006c4a00000, 0x00000006caa80000, 0x000000076c380000)
  object space 98816K, 13% used [0x00000006c4a00000,0x00000006c56c6ef8,0x00000006caa80000)
 Metaspace       used 33259K, capacity 35376K, committed 35456K, reserved 1079296K
  class space    used 4516K, capacity 4923K, committed 4992K, reserved 1048576K
Event: 3.015 GC heap after
Heap after GC invocations=7 (full 2):
 PSYoungGen      total 265216K, used 0K [0x000000076c380000, 0x0000000780f80000, 0x00000007c0000000)
  eden space 254464K, 0% used [0x000000076c380000,0x000000076c380000,0x000000077bc00000)
  from space 10752K, 0% used [0x000000077bc00000,0x000000077bc00000,0x000000077c680000)
  to   space 14848K, 0% used [0x0000000780100000,0x0000000780100000,0x0000000780f80000)
 ParOldGen       total 163328K, used 20546K [0x00000006c4a00000, 0x00000006ce980000, 0x000000076c380000)
  object space 163328K, 12% used [0x00000006c4a00000,0x00000006c5e10b08,0x00000006ce980000)
 Metaspace       used 33259K, capacity 35376K, committed 35456K, reserved 1079296K
  class space    used 4516K, capacity 4923K, committed 4992K, reserved 1048576K
}
Event: 5.045 GC heap before
{Heap before GC invocations=8 (full 2):
 PSYoungGen      total 265216K, used 254464K [0x000000076c380000, 0x0000000780f80000, 0x00000007c0000000)
  eden space 254464K, 100% used [0x000000076c380000,0x000000077bc00000,0x000000077bc00000)
  from space 10752K, 0% used [0x000000077bc00000,0x000000077bc00000,0x000000077c680000)
  to   space 14848K, 0% used [0x0000000780100000,0x0000000780100000,0x0000000780f80000)
 ParOldGen       total 163328K, used 20546K [0x00000006c4a00000, 0x00000006ce980000, 0x000000076c380000)
  object space 163328K, 12% used [0x00000006c4a00000,0x00000006c5e10b08,0x00000006ce980000)
 Metaspace       used 51957K, capacity 54640K, committed 54912K, reserved 1095680K
  class space    used 7221K, capacity 7703K, committed 7808K, reserved 1048576K
Event: 5.059 GC heap after
Heap after GC invocations=8 (full 2):
 PSYoungGen      total 319488K, used 14819K [0x000000076c380000, 0x0000000785080000, 0x00000007c0000000)
  eden space 304640K, 0% used [0x000000076c380000,0x000000076c380000,0x000000077ed00000)
  from space 14848K, 99% used [0x0000000780100000,0x0000000780f78cc8,0x0000000780f80000)
  to   space 20480K, 0% used [0x000000077ed00000,0x000000077ed00000,0x0000000780100000)
 ParOldGen       total 163328K, used 26918K [0x00000006c4a00000, 0x00000006ce980000, 0x000000076c380000)
  object space 163328K, 16% used [0x00000006c4a00000,0x00000006c6449990,0x00000006ce980000)
 Metaspace       used 51957K, capacity 54640K, committed 54912K, reserved 1095680K
  class space    used 7221K, capacity 7703K, committed 7808K, reserved 1048576K
}
Event: 5.523 GC heap before
{Heap before GC invocations=9 (full 2):
 PSYoungGen      total 319488K, used 89432K [0x000000076c380000, 0x0000000785080000, 0x00000007c0000000)
  eden space 304640K, 24% used [0x000000076c380000,0x0000000770c5d6e0,0x000000077ed00000)
  from space 14848K, 99% used [0x0000000780100000,0x0000000780f78cc8,0x0000000780f80000)
  to   space 20480K, 0% used [0x000000077ed00000,0x000000077ed00000,0x0000000780100000)
 ParOldGen       total 163328K, used 26918K [0x00000006c4a00000, 0x00000006ce980000, 0x000000076c380000)
  object space 163328K, 16% used [0x00000006c4a00000,0x00000006c6449990,0x00000006ce980000)
 Metaspace       used 56074K, capacity 59008K, committed 59096K, reserved 1099776K
  class space    used 7837K, capacity 8350K, committed 8408K, reserved 1048576K
Event: 5.530 GC heap after
Heap after GC invocations=9 (full 2):
 PSYoungGen      total 325120K, used 12856K [0x000000076c380000, 0x0000000789480000, 0x00000007c0000000)
  eden space 304640K, 0% used [0x000000076c380000,0x000000076c380000,0x000000077ed00000)
  from space 20480K, 62% used [0x000000077ed00000,0x000000077f98e368,0x0000000780100000)
  to   space 19968K, 0% used [0x0000000788100000,0x0000000788100000,0x0000000789480000)
 ParOldGen       total 163328K, used 26926K [0x00000006c4a00000, 0x00000006ce980000, 0x000000076c380000)
  object space 163328K, 16% used [0x00000006c4a00000,0x00000006c644b990,0x00000006ce980000)
 Metaspace       used 56074K, capacity 59008K, committed 59096K, reserved 1099776K
  class space    used 7837K, capacity 8350K, committed 8408K, reserved 1048576K
}
Event: 5.530 GC heap before
{Heap before GC invocations=10 (full 3):
 PSYoungGen      total 325120K, used 12856K [0x000000076c380000, 0x0000000789480000, 0x00000007c0000000)
  eden space 304640K, 0% used [0x000000076c380000,0x000000076c380000,0x000000077ed00000)
  from space 20480K, 62% used [0x000000077ed00000,0x000000077f98e368,0x0000000780100000)
  to   space 19968K, 0% used [0x0000000788100000,0x0000000788100000,0x0000000789480000)
 ParOldGen       total 163328K, used 26926K [0x00000006c4a00000, 0x00000006ce980000, 0x000000076c380000)
  object space 163328K, 16% used [0x00000006c4a00000,0x00000006c644b990,0x00000006ce980000)
 Metaspace       used 56074K, capacity 59008K, committed 59096K, reserved 1099776K
  class space    used 7837K, capacity 8350K, committed 8408K, reserved 1048576K
Event: 5.625 GC heap after
Heap after GC invocations=10 (full 3):
 PSYoungGen      total 325120K, used 0K [0x000000076c380000, 0x0000000789480000, 0x00000007c0000000)
  eden space 304640K, 0% used [0x000000076c380000,0x000000076c380000,0x000000077ed00000)
  from space 20480K, 0% used [0x000000077ed00000,0x000000077ed00000,0x0000000780100000)
  to   space 19968K, 0% used [0x0000000788100000,0x0000000788100000,0x0000000789480000)
 ParOldGen       total 222720K, used 24652K [0x00000006c4a00000, 0x00000006d2380000, 0x000000076c380000)
  object space 222720K, 11% used [0x00000006c4a00000,0x00000006c62130c8,0x00000006d2380000)
 Metaspace       used 56074K, capacity 59008K, committed 59096K, reserved 1099776K
  class space    used 7837K, capacity 8350K, committed 8408K, reserved 1048576K
}

